Analysis & Synthesis report for Practica5
Tue Mar 12 19:57:34 2024
Quartus Prime Version 23.1std.0 Build 991 11/28/2023 SC Lite Edition


---------------------
; Table of Contents ;
---------------------
  1. Legal Notice
  2. Analysis & Synthesis Summary
  3. Analysis & Synthesis Settings
  4. Parallel Compilation
  5. Analysis & Synthesis Source Files Read
  6. Analysis & Synthesis Resource Usage Summary
  7. Analysis & Synthesis Resource Utilization by Entity
  8. State Machine - |comp|push_conta:U2|PRES
  9. Registers Removed During Synthesis
 10. General Register Statistics
 11. Multiplexer Restructuring Statistics (Restructuring Performed)
 12. Parameter Settings for User Entity Instance: DIVF:U1
 13. Parameter Settings for User Entity Instance: DIVF2:U5
 14. Post-Synthesis Netlist Statistics for Top Partition
 15. Elapsed Time Per Partition
 16. Analysis & Synthesis Messages



----------------
; Legal Notice ;
----------------
Copyright (C) 2023  Intel Corporation. All rights reserved.
Your use of Intel Corporation's design tools, logic functions 
and other software and tools, and any partner logic 
functions, and any output files from any of the foregoing 
(including device programming or simulation files), and any 
associated documentation or information are expressly subject 
to the terms and conditions of the Intel Program License 
Subscription Agreement, the Intel Quartus Prime License Agreement,
the Intel FPGA IP License Agreement, or other applicable license
agreement, including, without limitation, that your use is for
the sole purpose of programming logic devices manufactured by
Intel and sold by Intel or its authorized distributors.  Please
refer to the applicable agreement for further details, at
https://fpgasoftware.intel.com/eula.



+-------------------------------------------------------------------------------------+
; Analysis & Synthesis Summary                                                        ;
+------------------------------------+------------------------------------------------+
; Analysis & Synthesis Status        ; Successful - Tue Mar 12 19:57:34 2024          ;
; Quartus Prime Version              ; 23.1std.0 Build 991 11/28/2023 SC Lite Edition ;
; Revision Name                      ; Practica5                                      ;
; Top-level Entity Name              ; comp                                           ;
; Family                             ; MAX 10                                         ;
; Total logic elements               ; 107                                            ;
;     Total combinational functions  ; 107                                            ;
;     Dedicated logic registers      ; 55                                             ;
; Total registers                    ; 55                                             ;
; Total pins                         ; 12                                             ;
; Total virtual pins                 ; 0                                              ;
; Total memory bits                  ; 0                                              ;
; Embedded Multiplier 9-bit elements ; 0                                              ;
; Total PLLs                         ; 0                                              ;
; UFM blocks                         ; 0                                              ;
; ADC blocks                         ; 0                                              ;
+------------------------------------+------------------------------------------------+


+------------------------------------------------------------------------------------------------------------+
; Analysis & Synthesis Settings                                                                              ;
+------------------------------------------------------------------+--------------------+--------------------+
; Option                                                           ; Setting            ; Default Value      ;
+------------------------------------------------------------------+--------------------+--------------------+
; Device                                                           ; 10M50DAF484C7G     ;                    ;
; Top-level entity name                                            ; comp               ; Practica5          ;
; Family name                                                      ; MAX 10             ; Cyclone V          ;
; Use smart compilation                                            ; Off                ; Off                ;
; Enable parallel Assembler and Timing Analyzer during compilation ; On                 ; On                 ;
; Enable compact report table                                      ; Off                ; Off                ;
; Restructure Multiplexers                                         ; Auto               ; Auto               ;
; Create Debugging Nodes for IP Cores                              ; Off                ; Off                ;
; Preserve fewer node names                                        ; On                 ; On                 ;
; Intel FPGA IP Evaluation Mode                                    ; Enable             ; Enable             ;
; Verilog Version                                                  ; Verilog_2001       ; Verilog_2001       ;
; VHDL Version                                                     ; VHDL_1993          ; VHDL_1993          ;
; State Machine Processing                                         ; Auto               ; Auto               ;
; Safe State Machine                                               ; Off                ; Off                ;
; Extract Verilog State Machines                                   ; On                 ; On                 ;
; Extract VHDL State Machines                                      ; On                 ; On                 ;
; Ignore Verilog initial constructs                                ; Off                ; Off                ;
; Iteration limit for constant Verilog loops                       ; 5000               ; 5000               ;
; Iteration limit for non-constant Verilog loops                   ; 250                ; 250                ;
; Add Pass-Through Logic to Inferred RAMs                          ; On                 ; On                 ;
; Infer RAMs from Raw Logic                                        ; On                 ; On                 ;
; Parallel Synthesis                                               ; On                 ; On                 ;
; DSP Block Balancing                                              ; Auto               ; Auto               ;
; NOT Gate Push-Back                                               ; On                 ; On                 ;
; Power-Up Don't Care                                              ; On                 ; On                 ;
; Remove Redundant Logic Cells                                     ; Off                ; Off                ;
; Remove Duplicate Registers                                       ; On                 ; On                 ;
; Ignore CARRY Buffers                                             ; Off                ; Off                ;
; Ignore CASCADE Buffers                                           ; Off                ; Off                ;
; Ignore GLOBAL Buffers                                            ; Off                ; Off                ;
; Ignore ROW GLOBAL Buffers                                        ; Off                ; Off                ;
; Ignore LCELL Buffers                                             ; Off                ; Off                ;
; Ignore SOFT Buffers                                              ; On                 ; On                 ;
; Limit AHDL Integers to 32 Bits                                   ; Off                ; Off                ;
; Optimization Technique                                           ; Balanced           ; Balanced           ;
; Carry Chain Length                                               ; 70                 ; 70                 ;
; Auto Carry Chains                                                ; On                 ; On                 ;
; Auto Open-Drain Pins                                             ; On                 ; On                 ;
; Perform WYSIWYG Primitive Resynthesis                            ; Off                ; Off                ;
; Auto ROM Replacement                                             ; On                 ; On                 ;
; Auto RAM Replacement                                             ; On                 ; On                 ;
; Auto DSP Block Replacement                                       ; On                 ; On                 ;
; Auto Shift Register Replacement                                  ; Auto               ; Auto               ;
; Allow Shift Register Merging across Hierarchies                  ; Auto               ; Auto               ;
; Auto Clock Enable Replacement                                    ; On                 ; On                 ;
; Strict RAM Replacement                                           ; Off                ; Off                ;
; Allow Synchronous Control Signals                                ; On                 ; On                 ;
; Force Use of Synchronous Clear Signals                           ; Off                ; Off                ;
; Auto RAM Block Balancing                                         ; On                 ; On                 ;
; Auto RAM to Logic Cell Conversion                                ; Off                ; Off                ;
; Auto Resource Sharing                                            ; Off                ; Off                ;
; Allow Any RAM Size For Recognition                               ; Off                ; Off                ;
; Allow Any ROM Size For Recognition                               ; Off                ; Off                ;
; Allow Any Shift Register Size For Recognition                    ; Off                ; Off                ;
; Use LogicLock Constraints during Resource Balancing              ; On                 ; On                 ;
; Ignore translate_off and synthesis_off directives                ; Off                ; Off                ;
; Timing-Driven Synthesis                                          ; On                 ; On                 ;
; Report Parameter Settings                                        ; On                 ; On                 ;
; Report Source Assignments                                        ; On                 ; On                 ;
; Report Connectivity Checks                                       ; On                 ; On                 ;
; Ignore Maximum Fan-Out Assignments                               ; Off                ; Off                ;
; Synchronization Register Chain Length                            ; 2                  ; 2                  ;
; Power Optimization During Synthesis                              ; Normal compilation ; Normal compilation ;
; HDL message level                                                ; Level2             ; Level2             ;
; Suppress Register Optimization Related Messages                  ; Off                ; Off                ;
; Number of Removed Registers Reported in Synthesis Report         ; 5000               ; 5000               ;
; Number of Swept Nodes Reported in Synthesis Report               ; 5000               ; 5000               ;
; Number of Inverted Registers Reported in Synthesis Report        ; 100                ; 100                ;
; Clock MUX Protection                                             ; On                 ; On                 ;
; Auto Gated Clock Conversion                                      ; Off                ; Off                ;
; Block Design Naming                                              ; Auto               ; Auto               ;
; SDC constraint protection                                        ; Off                ; Off                ;
; Synthesis Effort                                                 ; Auto               ; Auto               ;
; Shift Register Replacement - Allow Asynchronous Clear Signal     ; On                 ; On                 ;
; Pre-Mapping Resynthesis Optimization                             ; Off                ; Off                ;
; Analysis & Synthesis Message Level                               ; Medium             ; Medium             ;
; Disable Register Merging Across Hierarchies                      ; Auto               ; Auto               ;
; Resource Aware Inference For Block RAM                           ; On                 ; On                 ;
+------------------------------------------------------------------+--------------------+--------------------+


+------------------------------------------+
; Parallel Compilation                     ;
+----------------------------+-------------+
; Processors                 ; Number      ;
+----------------------------+-------------+
; Number detected on machine ; 8           ;
; Maximum allowed            ; 8           ;
;                            ;             ;
; Average used               ; 1.00        ;
; Maximum used               ; 8           ;
;                            ;             ;
; Usage by Processor         ; % Time Used ;
;     Processor 1            ; 100.0%      ;
;     Processor 2            ;   0.0%      ;
;     Processors 3-8         ;   0.0%      ;
+----------------------------+-------------+


+-------------------------------------------------------------------------------------------------------------------------------------------------------------+
; Analysis & Synthesis Source Files Read                                                                                                                      ;
+----------------------------------+-----------------+-----------------+----------------------------------------------------------------------------+---------+
; File Name with User-Entered Path ; Used in Netlist ; File Type       ; File Name with Absolute Path                                               ; Library ;
+----------------------------------+-----------------+-----------------+----------------------------------------------------------------------------+---------+
; push_conta.vhd                   ; yes             ; User VHDL File  ; C:/Users/ANDREA/Downloads/Nueva carpeta/Practica5/Practica5/push_conta.vhd ;         ;
; pwm.vhd                          ; yes             ; User VHDL File  ; C:/Users/ANDREA/Downloads/Nueva carpeta/Practica5/Practica5/pwm.vhd        ;         ;
; CT.vhd                           ; yes             ; User VHDL File  ; C:/Users/ANDREA/Downloads/Nueva carpeta/Practica5/Practica5/CT.vhd         ;         ;
; dec.vhd                          ; yes             ; User VHDL File  ; C:/Users/ANDREA/Downloads/Nueva carpeta/Practica5/Practica5/dec.vhd        ;         ;
; DIVF.vhd                         ; yes             ; User VHDL File  ; C:/Users/ANDREA/Downloads/Nueva carpeta/Practica5/Practica5/DIVF.vhd       ;         ;
; comp.vhd                         ; yes             ; User VHDL File  ; C:/Users/ANDREA/Downloads/Nueva carpeta/Practica5/Practica5/comp.vhd       ;         ;
; DIVF2.vhd                        ; yes             ; User VHDL File  ; C:/Users/ANDREA/Downloads/Nueva carpeta/Practica5/Practica5/DIVF2.vhd      ;         ;
+----------------------------------+-----------------+-----------------+----------------------------------------------------------------------------+---------+


+------------------------------------------------------------+
; Analysis & Synthesis Resource Usage Summary                ;
+---------------------------------------------+--------------+
; Resource                                    ; Usage        ;
+---------------------------------------------+--------------+
; Estimated Total logic elements              ; 107          ;
;                                             ;              ;
; Total combinational functions               ; 107          ;
; Logic element usage by number of LUT inputs ;              ;
;     -- 4 input functions                    ; 31           ;
;     -- 3 input functions                    ; 16           ;
;     -- <=2 input functions                  ; 60           ;
;                                             ;              ;
; Logic elements by mode                      ;              ;
;     -- normal mode                          ; 65           ;
;     -- arithmetic mode                      ; 42           ;
;                                             ;              ;
; Total registers                             ; 55           ;
;     -- Dedicated logic registers            ; 55           ;
;     -- I/O registers                        ; 0            ;
;                                             ;              ;
; I/O pins                                    ; 12           ;
;                                             ;              ;
; Embedded Multiplier 9-bit elements          ; 0            ;
;                                             ;              ;
; Maximum fan-out node                        ; DIVF:U1|CLK2 ;
; Maximum fan-out                             ; 25           ;
; Total fan-out                               ; 437          ;
; Average fan-out                             ; 2.35         ;
+---------------------------------------------+--------------+


+------------------------------------------------------------------------------------------------------------------------------------------------------------------------------------------------------------------------------------+
; Analysis & Synthesis Resource Utilization by Entity                                                                                                                                                                                ;
+----------------------------+---------------------+---------------------------+-------------+------------+--------------+---------+-----------+------+--------------+------------+---------------------+-------------+--------------+
; Compilation Hierarchy Node ; Combinational ALUTs ; Dedicated Logic Registers ; Memory Bits ; UFM Blocks ; DSP Elements ; DSP 9x9 ; DSP 18x18 ; Pins ; Virtual Pins ; ADC blocks ; Full Hierarchy Name ; Entity Name ; Library Name ;
+----------------------------+---------------------+---------------------------+-------------+------------+--------------+---------+-----------+------+--------------+------------+---------------------+-------------+--------------+
; |comp                      ; 107 (0)             ; 55 (0)                    ; 0           ; 0          ; 0            ; 0       ; 0         ; 12   ; 0            ; 0          ; |comp               ; comp        ; work         ;
;    |DIVF2:U5|              ; 29 (29)             ; 16 (16)                   ; 0           ; 0          ; 0            ; 0       ; 0         ; 0    ; 0            ; 0          ; |comp|DIVF2:U5      ; DIVF2       ; work         ;
;    |DIVF:U1|               ; 11 (11)             ; 7 (7)                     ; 0           ; 0          ; 0            ; 0       ; 0         ; 0    ; 0            ; 0          ; |comp|DIVF:U1       ; DIVF        ; work         ;
;    |dec:U4|                ; 5 (5)               ; 0 (0)                     ; 0           ; 0          ; 0            ; 0       ; 0         ; 0    ; 0            ; 0          ; |comp|dec:U4        ; dec         ; work         ;
;    |push_conta:U2|         ; 41 (41)             ; 24 (24)                   ; 0           ; 0          ; 0            ; 0       ; 0         ; 0    ; 0            ; 0          ; |comp|push_conta:U2 ; push_conta  ; work         ;
;    |pwm:U6|                ; 21 (21)             ; 8 (8)                     ; 0           ; 0          ; 0            ; 0       ; 0         ; 0    ; 0            ; 0          ; |comp|pwm:U6        ; pwm         ; work         ;
+----------------------------+---------------------+---------------------------+-------------+------------+--------------+---------+-----------+------+--------------+------------+---------------------+-------------+--------------+
Note: For table entries with two numbers listed, the numbers in parentheses indicate the number of resources of the given type used by the specific entity alone. The numbers listed outside of parentheses indicate the total resources of the given type used by the specific entity and all of its sub-entities in the hierarchy.


Encoding Type:  One-Hot
+---------------------------------------------------------------+
; State Machine - |comp|push_conta:U2|PRES                      ;
+--------------+--------------+---------+---------+-------------+
; Name         ; PRES.RETARDO ; PRES.E2 ; PRES.E1 ; PRES.INICIO ;
+--------------+--------------+---------+---------+-------------+
; PRES.INICIO  ; 0            ; 0       ; 0       ; 0           ;
; PRES.E1      ; 0            ; 0       ; 1       ; 1           ;
; PRES.E2      ; 0            ; 1       ; 0       ; 1           ;
; PRES.RETARDO ; 1            ; 0       ; 0       ; 1           ;
+--------------+--------------+---------+---------+-------------+


+--------------------------------------------------------------------+
; Registers Removed During Synthesis                                 ;
+---------------------------------------+----------------------------+
; Register name                         ; Reason for Removal         ;
+---------------------------------------+----------------------------+
; DIVF2:U5|AUX[0]                       ; Merged with DIVF:U1|AUX[0] ;
; Total Number of Removed Registers = 1 ;                            ;
+---------------------------------------+----------------------------+


+------------------------------------------------------+
; General Register Statistics                          ;
+----------------------------------------------+-------+
; Statistic                                    ; Value ;
+----------------------------------------------+-------+
; Total registers                              ; 55    ;
; Number of registers using Synchronous Clear  ; 0     ;
; Number of registers using Synchronous Load   ; 0     ;
; Number of registers using Asynchronous Clear ; 0     ;
; Number of registers using Asynchronous Load  ; 0     ;
; Number of registers using Clock Enable       ; 20    ;
; Number of registers using Preset             ; 0     ;
+----------------------------------------------+-------+


+---------------------------------------------------------------------------------------------------------------------------------------------+
; Multiplexer Restructuring Statistics (Restructuring Performed)                                                                              ;
+--------------------+-----------+---------------+----------------------+------------------------+------------+-------------------------------+
; Multiplexer Inputs ; Bus Width ; Baseline Area ; Area if Restructured ; Saving if Restructured ; Registered ; Example Multiplexer Output    ;
+--------------------+-----------+---------------+----------------------+------------------------+------------+-------------------------------+
; 5:1                ; 3 bits    ; 9 LEs         ; 6 LEs                ; 3 LEs                  ; Yes        ; |comp|push_conta:U2|CUENTA[0] ;
+--------------------+-----------+---------------+----------------------+------------------------+------------+-------------------------------+


+------------------------------------------------------+
; Parameter Settings for User Entity Instance: DIVF:U1 ;
+----------------+-------+-----------------------------+
; Parameter Name ; Value ; Type                        ;
+----------------+-------+-----------------------------+
; frec           ; 49    ; Signed Integer              ;
+----------------+-------+-----------------------------+
Note: In order to hide this table in the UI and the text report file, please set the "Show Parameter Settings in Synthesis Report" option in "Analysis and Synthesis Settings -> More Settings" to "Off".


+-------------------------------------------------------+
; Parameter Settings for User Entity Instance: DIVF2:U5 ;
+----------------+-------+------------------------------+
; Parameter Name ; Value ; Type                         ;
+----------------+-------+------------------------------+
; frec           ; 49999 ; Signed Integer               ;
+----------------+-------+------------------------------+
Note: In order to hide this table in the UI and the text report file, please set the "Show Parameter Settings in Synthesis Report" option in "Analysis and Synthesis Settings -> More Settings" to "Off".


+-----------------------------------------------------+
; Post-Synthesis Netlist Statistics for Top Partition ;
+-----------------------+-----------------------------+
; Type                  ; Count                       ;
+-----------------------+-----------------------------+
; boundary_port         ; 12                          ;
; cycloneiii_ff         ; 55                          ;
;     ENA               ; 20                          ;
;     plain             ; 35                          ;
; cycloneiii_lcell_comb ; 110                         ;
;     arith             ; 42                          ;
;         2 data inputs ; 42                          ;
;     normal            ; 68                          ;
;         0 data inputs ; 2                           ;
;         1 data inputs ; 5                           ;
;         2 data inputs ; 14                          ;
;         3 data inputs ; 16                          ;
;         4 data inputs ; 31                          ;
;                       ;                             ;
; Max LUT depth         ; 3.60                        ;
; Average LUT depth     ; 2.55                        ;
+-----------------------+-----------------------------+


+-------------------------------+
; Elapsed Time Per Partition    ;
+----------------+--------------+
; Partition Name ; Elapsed Time ;
+----------------+--------------+
; Top            ; 00:00:01     ;
+----------------+--------------+


+-------------------------------+
; Analysis & Synthesis Messages ;
+-------------------------------+
Info: *******************************************************************
Info: Running Quartus Prime Analysis & Synthesis
    Info: Version 23.1std.0 Build 991 11/28/2023 SC Lite Edition
    Info: Processing started: Tue Mar 12 19:57:13 2024
Info: Command: quartus_map --read_settings_files=on --write_settings_files=off Practica5 -c Practica5
Warning (18236): Number of processors has not been specified which may cause overloading on shared machines.  Set the global assignment NUM_PARALLEL_PROCESSORS in your QSF to an appropriate value for best performance.
Info (20030): Parallel compilation is enabled and will use 8 of the 8 processors detected
Info (12021): Found 2 design units, including 1 entities, in source file push_conta.vhd
    Info (12022): Found design unit 1: push_conta-BEAS File: C:/Users/ANDREA/Downloads/Nueva carpeta/Practica5/Practica5/push_conta.vhd Line: 9
    Info (12023): Found entity 1: push_conta File: C:/Users/ANDREA/Downloads/Nueva carpeta/Practica5/Practica5/push_conta.vhd Line: 4
Info (12021): Found 2 design units, including 1 entities, in source file pwm.vhd
    Info (12022): Found design unit 1: pwm-BEAS File: C:/Users/ANDREA/Downloads/Nueva carpeta/Practica5/Practica5/pwm.vhd Line: 11
    Info (12023): Found entity 1: pwm File: C:/Users/ANDREA/Downloads/Nueva carpeta/Practica5/Practica5/pwm.vhd Line: 4
Info (12021): Found 2 design units, including 1 entities, in source file ct.vhd
    Info (12022): Found design unit 1: CT-HAPG File: C:/Users/ANDREA/Downloads/Nueva carpeta/Practica5/Practica5/CT.vhd Line: 9
    Info (12023): Found entity 1: CT File: C:/Users/ANDREA/Downloads/Nueva carpeta/Practica5/Practica5/CT.vhd Line: 4
Info (12021): Found 1 design units, including 1 entities, in source file practica5.bdf
    Info (12023): Found entity 1: Practica5
Info (12021): Found 2 design units, including 1 entities, in source file dec.vhd
    Info (12022): Found design unit 1: dec-HAPG File: C:/Users/ANDREA/Downloads/Nueva carpeta/Practica5/Practica5/dec.vhd Line: 8
    Info (12023): Found entity 1: dec File: C:/Users/ANDREA/Downloads/Nueva carpeta/Practica5/Practica5/dec.vhd Line: 3
Info (12021): Found 2 design units, including 1 entities, in source file divf.vhd
    Info (12022): Found design unit 1: DIVF-BEAS File: C:/Users/ANDREA/Downloads/Nueva carpeta/Practica5/Practica5/DIVF.vhd Line: 13
    Info (12023): Found entity 1: DIVF File: C:/Users/ANDREA/Downloads/Nueva carpeta/Practica5/Practica5/DIVF.vhd Line: 4
Info (12021): Found 2 design units, including 1 entities, in source file comp.vhd
    Info (12022): Found design unit 1: comp-BEAS File: C:/Users/ANDREA/Downloads/Nueva carpeta/Practica5/Practica5/comp.vhd Line: 10
    Info (12023): Found entity 1: comp File: C:/Users/ANDREA/Downloads/Nueva carpeta/Practica5/Practica5/comp.vhd Line: 3
Info (12021): Found 2 design units, including 1 entities, in source file divf2.vhd
    Info (12022): Found design unit 1: DIVF2-BEAS File: C:/Users/ANDREA/Downloads/Nueva carpeta/Practica5/Practica5/DIVF2.vhd Line: 13
    Info (12023): Found entity 1: DIVF2 File: C:/Users/ANDREA/Downloads/Nueva carpeta/Practica5/Practica5/DIVF2.vhd Line: 4
Info (12127): Elaborating entity "comp" for the top level hierarchy
Info (12128): Elaborating entity "DIVF" for hierarchy "DIVF:U1" File: C:/Users/ANDREA/Downloads/Nueva carpeta/Practica5/Practica5/comp.vhd Line: 52
Info (12128): Elaborating entity "push_conta" for hierarchy "push_conta:U2" File: C:/Users/ANDREA/Downloads/Nueva carpeta/Practica5/Practica5/comp.vhd Line: 53
Info (12128): Elaborating entity "CT" for hierarchy "CT:U3" File: C:/Users/ANDREA/Downloads/Nueva carpeta/Practica5/Practica5/comp.vhd Line: 54
Info (12128): Elaborating entity "dec" for hierarchy "dec:U4" File: C:/Users/ANDREA/Downloads/Nueva carpeta/Practica5/Practica5/comp.vhd Line: 55
Info (12128): Elaborating entity "DIVF2" for hierarchy "DIVF2:U5" File: C:/Users/ANDREA/Downloads/Nueva carpeta/Practica5/Practica5/comp.vhd Line: 56
Info (12128): Elaborating entity "pwm" for hierarchy "pwm:U6" File: C:/Users/ANDREA/Downloads/Nueva carpeta/Practica5/Practica5/comp.vhd Line: 57
Warning (10492): VHDL Process Statement warning at pwm.vhd(30): signal "DUTY" is read inside the Process Statement but isn't in the Process Statement's sensitivity list File: C:/Users/ANDREA/Downloads/Nueva carpeta/Practica5/Practica5/pwm.vhd Line: 30
Warning (13024): Output pins are stuck at VCC or GND
    Warning (13410): Pin "S1[0]" is stuck at VCC File: C:/Users/ANDREA/Downloads/Nueva carpeta/Practica5/Practica5/comp.vhd Line: 6
    Warning (13410): Pin "S1[6]" is stuck at GND File: C:/Users/ANDREA/Downloads/Nueva carpeta/Practica5/Practica5/comp.vhd Line: 6
Info (286030): Timing-Driven Synthesis is running
Info (16010): Generating hard_block partition "hard_block:auto_generated_inst"
    Info (16011): Adding 0 node(s), including 0 DDIO, 0 PLL, 0 transceiver and 0 LCELL
Info (21057): Implemented 119 device resources after synthesis - the final resource count might be different
    Info (21058): Implemented 3 input pins
    Info (21059): Implemented 9 output pins
    Info (21061): Implemented 107 logic cells
Info: Quartus Prime Analysis & Synthesis was successful. 0 errors, 5 warnings
    Info: Peak virtual memory: 4839 megabytes
    Info: Processing ended: Tue Mar 12 19:57:34 2024
    Info: Elapsed time: 00:00:21
    Info: Total CPU time (on all processors): 00:00:33


